2023-07-12 17:08:57.204 [info] Log level: Info
2023-07-12 17:08:57.204 [info] Validating found git in: "git"
2023-07-12 17:08:57.204 [info] Using git "2.34.1" from "git"
2023-07-12 17:08:57.204 [info] > git rev-parse --show-toplevel [49ms]
2023-07-12 17:08:57.204 [info] > git rev-parse --git-dir --git-common-dir [7ms]
2023-07-12 17:08:57.204 [info] Open repository: /home/ubuntu/learn-terraform-hashicups-provider
2023-07-12 17:08:57.204 [info] > git rev-parse --show-toplevel [6ms]
2023-07-12 17:08:57.204 [info] > git config --get commit.template [12ms]
2023-07-12 17:08:57.204 [info] > git rev-parse --show-toplevel [8ms]
2023-07-12 17:08:57.204 [info] > git rev-parse --git-dir --git-common-dir [2ms]
2023-07-12 17:08:57.204 [info] Open repository: /home/ubuntu/learn-terraform-hashicups-provider/Challenge
2023-07-12 17:08:57.204 [info] > git for-each-ref --format=%(refname)%00%(upstream:short)%00%(objectname)%00%(upstream:track)%00%(upstream:remotename)%00%(upstream:remoteref) refs/heads/main refs/remotes/main [24ms]
2023-07-12 17:08:57.205 [info] > git config --get commit.template [8ms]
2023-07-12 17:08:57.205 [info] > git rev-parse --show-toplevel [13ms]
2023-07-12 17:08:57.205 [info] > git status -z -uall [13ms]
2023-07-12 17:08:57.205 [info] > git for-each-ref --format=%(refname)%00%(upstream:short)%00%(objectname)%00%(upstream:track)%00%(upstream:remotename)%00%(upstream:remoteref) refs/heads/main refs/remotes/main [15ms]
2023-07-12 17:08:57.205 [info] > git config --get commit.template [6ms]
2023-07-12 17:08:57.205 [info] > git status -z -uall [16ms]
2023-07-12 17:08:57.205 [info] > git for-each-ref --format=%(refname)%00%(upstream:short)%00%(objectname)%00%(upstream:track)%00%(upstream:remotename)%00%(upstream:remoteref) refs/heads/main refs/remotes/main [21ms]
2023-07-12 17:08:57.205 [info] > git config --get commit.template [5ms]
2023-07-12 17:08:57.205 [info] > git status -z -uall [6ms]
2023-07-12 17:08:57.205 [info] > git for-each-ref --format=%(refname)%00%(upstream:short)%00%(objectname)%00%(upstream:track)%00%(upstream:remotename)%00%(upstream:remoteref) refs/heads/main refs/remotes/main [5ms]
2023-07-12 17:08:57.205 [info] > git status -z -uall [2ms]
2023-07-12 17:08:58.334 [info] > git check-ignore -v -z --stdin [6ms]
2023-07-12 17:08:58.337 [info] > git check-ignore -v -z --stdin [5ms]
2023-07-12 17:09:00.859 [info] > git show --textconv :main.tf [24ms]
2023-07-12 17:09:00.870 [info] > git ls-files --stage -- /home/ubuntu/learn-terraform-hashicups-provider/main.tf [14ms]
2023-07-12 17:09:00.882 [info] > git cat-file -s 82422f566b03c3295411a0f3adc6c64588a41bdf [4ms]
2023-07-12 17:09:14.989 [info] > git config --get commit.template [5ms]
2023-07-12 17:09:14.991 [info] > git for-each-ref --format=%(refname)%00%(upstream:short)%00%(objectname)%00%(upstream:track)%00%(upstream:remotename)%00%(upstream:remoteref) refs/heads/main refs/remotes/main [4ms]
2023-07-12 17:09:14.997 [info] > git status -z -uall [3ms]
2023-07-12 17:44:15.853 [info] > git config --get commit.template [5ms]
2023-07-12 17:44:15.855 [info] > git for-each-ref --format=%(refname)%00%(upstream:short)%00%(objectname)%00%(upstream:track)%00%(upstream:remotename)%00%(upstream:remoteref) refs/heads/main refs/remotes/main [4ms]
2023-07-12 17:44:15.861 [info] > git status -z -uall [2ms]
2023-07-12 17:44:42.972 [info] > git config --get commit.template [5ms]
2023-07-12 17:44:42.974 [info] > git for-each-ref --format=%(refname)%00%(upstream:short)%00%(objectname)%00%(upstream:track)%00%(upstream:remotename)%00%(upstream:remoteref) refs/heads/main refs/remotes/main [4ms]
2023-07-12 17:44:43.108 [info] > git status -z -uall [131ms]
2023-07-12 17:46:07.024 [info] > git config --get commit.template [5ms]
2023-07-12 17:46:07.026 [info] > git for-each-ref --format=%(refname)%00%(upstream:short)%00%(objectname)%00%(upstream:track)%00%(upstream:remotename)%00%(upstream:remoteref) refs/heads/main refs/remotes/main [3ms]
2023-07-12 17:46:07.031 [info] > git status -z -uall [2ms]
2023-07-12 17:47:15.670 [info] > git config --get commit.template [5ms]
2023-07-12 17:47:15.672 [info] > git for-each-ref --format=%(refname)%00%(upstream:short)%00%(objectname)%00%(upstream:track)%00%(upstream:remotename)%00%(upstream:remoteref) refs/heads/main refs/remotes/main [3ms]
2023-07-12 17:47:15.677 [info] > git status -z -uall [2ms]
2023-07-12 17:47:15.999 [info] > git check-ignore -v -z --stdin [2ms]
2023-07-12 17:47:31.224 [info] > git config --get commit.template [5ms]
2023-07-12 17:47:31.226 [info] > git for-each-ref --format=%(refname)%00%(upstream:short)%00%(objectname)%00%(upstream:track)%00%(upstream:remotename)%00%(upstream:remoteref) refs/heads/main refs/remotes/main [3ms]
2023-07-12 17:47:31.236 [info] > git status -z -uall [7ms]
2023-07-12 18:25:11.015 [info] > git config --get commit.template [5ms]
2023-07-12 18:25:11.017 [info] > git for-each-ref --format=%(refname)%00%(upstream:short)%00%(objectname)%00%(upstream:track)%00%(upstream:remotename)%00%(upstream:remoteref) refs/heads/main refs/remotes/main [3ms]
2023-07-12 18:25:11.027 [info] > git status -z -uall [8ms]
2023-07-12 18:32:08.544 [info] > git config --get commit.template [5ms]
2023-07-12 18:32:08.546 [info] > git for-each-ref --format=%(refname)%00%(upstream:short)%00%(objectname)%00%(upstream:track)%00%(upstream:remotename)%00%(upstream:remoteref) refs/heads/main refs/remotes/main [2ms]
2023-07-12 18:32:08.556 [info] > git status -z -uall [8ms]
2023-07-12 19:02:49.170 [info] No remotes found in the git config file.
2023-07-12 19:02:49.172 [info] > git config --get commit.template [6ms]
2023-07-12 19:02:49.173 [info] > git for-each-ref --format=%(refname)%00%(upstream:short)%00%(objectname)%00%(upstream:track)%00%(upstream:remotename)%00%(upstream:remoteref) refs/heads/main refs/remotes/main [3ms]
2023-07-12 19:02:49.183 [info] > git status -z -uall [7ms]
2023-07-12 19:04:30.488 [info] > git config --get commit.template [5ms]
2023-07-12 19:04:30.490 [info] > git for-each-ref --format=%(refname)%00%(upstream:short)%00%(objectname)%00%(upstream:track)%00%(upstream:remotename)%00%(upstream:remoteref) refs/heads/main refs/remotes/main [2ms]
2023-07-12 19:04:30.500 [info] > git status -z -uall [7ms]
2023-07-12 19:05:17.122 [info] > git config --get commit.template [5ms]
2023-07-12 19:05:17.124 [info] > git for-each-ref --format=%(refname)%00%(upstream:short)%00%(objectname)%00%(upstream:track)%00%(upstream:remotename)%00%(upstream:remoteref) refs/heads/main refs/remotes/main [3ms]
2023-07-12 19:05:17.129 [info] > git status -z -uall [2ms]
2023-07-12 19:05:32.531 [info] > git config --get commit.template [5ms]
2023-07-12 19:05:32.533 [info] > git for-each-ref --format=%(refname)%00%(upstream:short)%00%(objectname)%00%(upstream:track)%00%(upstream:remotename)%00%(upstream:remoteref) refs/heads/main refs/remotes/main [3ms]
2023-07-12 19:05:32.542 [info] > git status -z -uall [6ms]
