2023-07-11 15:30:37.453 [info] Log level: Info
2023-07-11 15:30:37.453 [info] Validating found git in: "git"
2023-07-11 15:30:37.453 [info] Using git "2.34.1" from "git"
2023-07-11 15:30:37.453 [info] > git rev-parse --show-toplevel [8ms]
2023-07-11 15:30:37.453 [info] > git rev-parse --git-dir --git-common-dir [5ms]
2023-07-11 15:30:37.453 [info] Open repository: /home/ubuntu/learn-terraform-hashicups-provider
2023-07-11 15:30:37.453 [info] > git rev-parse --show-toplevel [6ms]
2023-07-11 15:30:37.453 [info] > git config --get commit.template [7ms]
2023-07-11 15:30:37.453 [info] > git for-each-ref --format=%(refname)%00%(upstream:short)%00%(objectname)%00%(upstream:track)%00%(upstream:remotename)%00%(upstream:remoteref) refs/heads/main refs/remotes/main [4ms]
2023-07-11 15:30:37.453 [info] > git status -z -uall [7ms]
2023-07-11 15:30:37.453 [info] > git config --get commit.template [5ms]
2023-07-11 15:30:37.453 [info] > git for-each-ref --format=%(refname)%00%(upstream:short)%00%(objectname)%00%(upstream:track)%00%(upstream:remotename)%00%(upstream:remoteref) refs/heads/main refs/remotes/main [3ms]
2023-07-11 15:30:37.453 [info] > git status -z -uall [2ms]
2023-07-11 15:30:37.969 [info] > git check-ignore -v -z --stdin [11ms]
2023-07-11 15:54:39.378 [info] > git check-ignore -v -z --stdin [23ms]
2023-07-11 15:57:03.557 [info] > git config --get commit.template [11ms]
2023-07-11 15:57:03.576 [info] > git for-each-ref --format=%(refname)%00%(upstream:short)%00%(objectname)%00%(upstream:track)%00%(upstream:remotename)%00%(upstream:remoteref) refs/heads/main refs/remotes/main [24ms]
2023-07-11 15:57:03.602 [info] > git status -z -uall [22ms]
2023-07-11 15:57:52.034 [info] > git show --textconv :main.tf [6ms]
2023-07-11 15:57:52.037 [info] > git ls-files --stage -- /home/ubuntu/learn-terraform-hashicups-provider/main.tf [4ms]
2023-07-11 15:57:52.044 [info] > git cat-file -s 48753c8fa7d4a063fc682ee9527359fa1616dd2b [3ms]
2023-07-11 15:58:04.546 [info] > git config --get commit.template [5ms]
2023-07-11 15:58:04.548 [info] > git for-each-ref --format=%(refname)%00%(upstream:short)%00%(objectname)%00%(upstream:track)%00%(upstream:remotename)%00%(upstream:remoteref) refs/heads/main refs/remotes/main [3ms]
2023-07-11 15:58:04.553 [info] > git status -z -uall [2ms]
2023-07-11 15:58:15.939 [info] > git check-ignore -v -z --stdin [4ms]
2023-07-11 15:59:11.359 [info] > git check-ignore -v -z --stdin [2ms]
2023-07-11 15:59:35.610 [info] > git config --get commit.template [5ms]
2023-07-11 15:59:35.612 [info] > git for-each-ref --format=%(refname)%00%(upstream:short)%00%(objectname)%00%(upstream:track)%00%(upstream:remotename)%00%(upstream:remoteref) refs/heads/main refs/remotes/main [3ms]
2023-07-11 15:59:35.617 [info] > git status -z -uall [3ms]
2023-07-11 15:59:53.427 [info] > git config --get commit.template [5ms]
2023-07-11 15:59:53.429 [info] > git for-each-ref --format=%(refname)%00%(upstream:short)%00%(objectname)%00%(upstream:track)%00%(upstream:remotename)%00%(upstream:remoteref) refs/heads/main refs/remotes/main [3ms]
2023-07-11 15:59:53.434 [info] > git status -z -uall [3ms]
2023-07-11 16:00:08.370 [info] > git check-ignore -v -z --stdin [3ms]
2023-07-11 16:05:00.081 [info] > git config --get commit.template [5ms]
2023-07-11 16:05:00.083 [info] > git for-each-ref --format=%(refname)%00%(upstream:short)%00%(objectname)%00%(upstream:track)%00%(upstream:remotename)%00%(upstream:remoteref) refs/heads/main refs/remotes/main [2ms]
2023-07-11 16:05:00.089 [info] > git status -z -uall [3ms]
2023-07-11 16:07:04.399 [info] > git config --get commit.template [5ms]
2023-07-11 16:07:04.401 [info] > git for-each-ref --format=%(refname)%00%(upstream:short)%00%(objectname)%00%(upstream:track)%00%(upstream:remotename)%00%(upstream:remoteref) refs/heads/main refs/remotes/main [2ms]
2023-07-11 16:07:04.406 [info] > git status -z -uall [2ms]
2023-07-11 16:13:38.906 [info] > git check-ignore -v -z --stdin [2ms]
2023-07-11 16:13:59.503 [info] > git config --get commit.template [5ms]
2023-07-11 16:13:59.505 [info] > git for-each-ref --format=%(refname)%00%(upstream:short)%00%(objectname)%00%(upstream:track)%00%(upstream:remotename)%00%(upstream:remoteref) refs/heads/main refs/remotes/main [4ms]
2023-07-11 16:13:59.510 [info] > git status -z -uall [3ms]
2023-07-11 16:14:04.523 [info] > git config --get commit.template [5ms]
2023-07-11 16:14:04.525 [info] > git for-each-ref --format=%(refname)%00%(upstream:short)%00%(objectname)%00%(upstream:track)%00%(upstream:remotename)%00%(upstream:remoteref) refs/heads/main refs/remotes/main [2ms]
2023-07-11 16:14:04.530 [info] > git status -z -uall [3ms]
2023-07-11 16:23:41.486 [info] > git config --get commit.template [5ms]
2023-07-11 16:23:41.488 [info] > git for-each-ref --format=%(refname)%00%(upstream:short)%00%(objectname)%00%(upstream:track)%00%(upstream:remotename)%00%(upstream:remoteref) refs/heads/main refs/remotes/main [3ms]
2023-07-11 16:23:41.493 [info] > git status -z -uall [2ms]
2023-07-11 16:23:46.506 [info] > git config --get commit.template [5ms]
2023-07-11 16:23:46.508 [info] > git for-each-ref --format=%(refname)%00%(upstream:short)%00%(objectname)%00%(upstream:track)%00%(upstream:remotename)%00%(upstream:remoteref) refs/heads/main refs/remotes/main [3ms]
2023-07-11 16:23:46.513 [info] > git status -z -uall [3ms]
2023-07-11 17:19:51.182 [info] > git config --get commit.template [5ms]
2023-07-11 17:19:51.185 [info] > git for-each-ref --format=%(refname)%00%(upstream:short)%00%(objectname)%00%(upstream:track)%00%(upstream:remotename)%00%(upstream:remoteref) refs/heads/main refs/remotes/main [4ms]
2023-07-11 17:19:51.190 [info] > git status -z -uall [2ms]
2023-07-11 17:19:56.204 [info] > git config --get commit.template [5ms]
2023-07-11 17:19:56.205 [info] > git for-each-ref --format=%(refname)%00%(upstream:short)%00%(objectname)%00%(upstream:track)%00%(upstream:remotename)%00%(upstream:remoteref) refs/heads/main refs/remotes/main [2ms]
2023-07-11 17:19:56.210 [info] > git status -z -uall [2ms]
