2023-07-12 15:56:58.165 [info] Log level: Info
2023-07-12 15:56:58.165 [info] Validating found git in: "git"
2023-07-12 15:56:58.165 [info] Using git "2.34.1" from "git"
2023-07-12 15:56:58.165 [info] > git rev-parse --show-toplevel [40ms]
2023-07-12 15:56:58.165 [info] > git rev-parse --git-dir --git-common-dir [3ms]
2023-07-12 15:56:58.165 [info] Open repository: /home/ubuntu/learn-terraform-hashicups-provider
2023-07-12 15:56:58.165 [info] > git rev-parse --show-toplevel [7ms]
2023-07-12 15:56:58.165 [info] > git config --get commit.template [11ms]
2023-07-12 15:56:58.165 [info] > git rev-parse --show-toplevel [8ms]
2023-07-12 15:56:58.165 [info] > git rev-parse --git-dir --git-common-dir [2ms]
2023-07-12 15:56:58.165 [info] Open repository: /home/ubuntu/learn-terraform-hashicups-provider/Challenge
2023-07-12 15:56:58.165 [info] > git rev-parse --show-toplevel [7ms]
2023-07-12 15:56:58.165 [info] > git for-each-ref --format=%(refname)%00%(upstream:short)%00%(objectname)%00%(upstream:track)%00%(upstream:remotename)%00%(upstream:remoteref) refs/heads/main refs/remotes/main [30ms]
2023-07-12 15:56:58.165 [info] > git config --get commit.template [17ms]
2023-07-12 15:56:58.165 [info] > git status -z -uall [8ms]
2023-07-12 15:56:58.165 [info] > git for-each-ref --format=%(refname)%00%(upstream:short)%00%(objectname)%00%(upstream:track)%00%(upstream:remotename)%00%(upstream:remoteref) refs/heads/main refs/remotes/main [15ms]
2023-07-12 15:56:58.165 [info] > git config --get commit.template [5ms]
2023-07-12 15:56:58.165 [info] > git status -z -uall [8ms]
2023-07-12 15:56:58.165 [info] > git for-each-ref --format=%(refname)%00%(upstream:short)%00%(objectname)%00%(upstream:track)%00%(upstream:remotename)%00%(upstream:remoteref) refs/heads/main refs/remotes/main [21ms]
2023-07-12 15:56:58.165 [info] > git config --get commit.template [12ms]
2023-07-12 15:56:58.165 [info] > git status -z -uall [6ms]
2023-07-12 15:56:58.165 [info] > git for-each-ref --format=%(refname)%00%(upstream:short)%00%(objectname)%00%(upstream:track)%00%(upstream:remotename)%00%(upstream:remoteref) refs/heads/main refs/remotes/main [5ms]
2023-07-12 15:56:58.165 [info] > git status -z -uall [2ms]
2023-07-12 15:57:01.028 [info] > git check-ignore -v -z --stdin [7ms]
2023-07-12 15:57:01.031 [info] > git check-ignore -v -z --stdin [4ms]
2023-07-12 15:59:45.246 [info] > git show --textconv :main.tf [14ms]
2023-07-12 15:59:45.247 [info] > git ls-files --stage -- /home/ubuntu/learn-terraform-hashicups-provider/main.tf [11ms]
2023-07-12 15:59:45.252 [info] > git cat-file -s 82422f566b03c3295411a0f3adc6c64588a41bdf [2ms]
2023-07-12 16:00:16.849 [info] > git check-ignore -v -z --stdin [3ms]
2023-07-12 16:00:19.118 [info] > git show --textconv :README.md [8ms]
2023-07-12 16:00:19.120 [info] > git ls-files --stage -- /home/ubuntu/learn-terraform-hashicups-provider/Challenge/README.md [6ms]
2023-07-12 16:00:19.125 [info] > git cat-file -s 87fc2f56e187861ee4f23d1f83438581041a41e5 [2ms]
2023-07-12 16:00:23.687 [info] > git check-ignore -v -z --stdin [3ms]
2023-07-12 16:00:26.789 [info] > git check-ignore -v -z --stdin [3ms]
2023-07-12 16:00:27.204 [info] > git show --textconv :.terraform/providers/hashicorp.com/edu/hashicups/0.3.1/linux_amd64/README.md [5ms]
2023-07-12 16:00:27.207 [info] > git ls-files --stage -- /home/ubuntu/learn-terraform-hashicups-provider/.terraform/providers/hashicorp.com/edu/hashicups/0.3.1/linux_amd64/README.md [4ms]
2023-07-12 16:00:37.893 [info] > git show --textconv :README.md [5ms]
2023-07-12 16:00:37.895 [info] > git ls-files --stage -- /home/ubuntu/learn-terraform-hashicups-provider/README.md [3ms]
2023-07-12 16:00:37.900 [info] > git cat-file -s f16aa3378365ddddf865f3affd6278a9ba1b6cb6 [2ms]
2023-07-12 16:00:44.461 [info] > git show --textconv :terraform.tfstate [12ms]
2023-07-12 16:00:44.476 [info] > git ls-files --stage -- /home/ubuntu/learn-terraform-hashicups-provider/terraform.tfstate [21ms]
2023-07-12 16:01:24.118 [info] > git show --textconv :main.tf [6ms]
2023-07-12 16:01:24.123 [info] > git ls-files --stage -- /home/ubuntu/learn-terraform-hashicups-provider/main.tf [5ms]
2023-07-12 16:01:24.128 [info] > git cat-file -s 82422f566b03c3295411a0f3adc6c64588a41bdf [2ms]
